<?xml version="1.0" encoding="UTF-8"?>
<testsuite xmlns:xsi="http://www.w3.org/2001/XMLSchema-instance" xsi:noNamespaceSchemaLocation="https://maven.apache.org/surefire/maven-surefire-plugin/xsd/surefire-test-report.xsd" name="com.wb.shorturl.controller.ShortUrlControllerTests" time="0.552" tests="8" errors="0" skipped="0" failures="0">
  <properties>
    <property name="gopherProxySet" value="false"/>
    <property name="awt.toolkit" value="sun.lwawt.macosx.LWCToolkit"/>
    <property name="http.proxyHost" value="127.0.0.1"/>
    <property name="file.encoding.pkg" value="sun.io"/>
    <property name="java.specification.version" value="1.8"/>
    <property name="sun.cpu.isalist" value=""/>
    <property name="sun.jnu.encoding" value="UTF-8"/>
    <property name="java.class.path" value="/Users/wangbing/Documents/train/train/target/test-classes:/Users/wangbing/Documents/train/train/target/classes:/Users/wangbing/.m2/repository/org/springframework/boot/spring-boot-starter-web/2.4.1/spring-boot-starter-web-2.4.1.jar:/Users/wangbing/.m2/repository/org/springframework/boot/spring-boot-starter/2.4.1/spring-boot-starter-2.4.1.jar:/Users/wangbing/.m2/repository/org/springframework/boot/spring-boot/2.4.1/spring-boot-2.4.1.jar:/Users/wangbing/.m2/repository/org/springframework/boot/spring-boot-starter-logging/2.4.1/spring-boot-starter-logging-2.4.1.jar:/Users/wangbing/.m2/repository/ch/qos/logback/logback-classic/1.2.3/logback-classic-1.2.3.jar:/Users/wangbing/.m2/repository/ch/qos/logback/logback-core/1.2.3/logback-core-1.2.3.jar:/Users/wangbing/.m2/repository/org/apache/logging/log4j/log4j-to-slf4j/2.13.3/log4j-to-slf4j-2.13.3.jar:/Users/wangbing/.m2/repository/org/apache/logging/log4j/log4j-api/2.13.3/log4j-api-2.13.3.jar:/Users/wangbing/.m2/repository/org/slf4j/jul-to-slf4j/1.7.30/jul-to-slf4j-1.7.30.jar:/Users/wangbing/.m2/repository/jakarta/annotation/jakarta.annotation-api/1.3.5/jakarta.annotation-api-1.3.5.jar:/Users/wangbing/.m2/repository/org/yaml/snakeyaml/1.27/snakeyaml-1.27.jar:/Users/wangbing/.m2/repository/org/springframework/boot/spring-boot-starter-json/2.4.1/spring-boot-starter-json-2.4.1.jar:/Users/wangbing/.m2/repository/com/fasterxml/jackson/core/jackson-databind/2.11.3/jackson-databind-2.11.3.jar:/Users/wangbing/.m2/repository/com/fasterxml/jackson/core/jackson-annotations/2.11.3/jackson-annotations-2.11.3.jar:/Users/wangbing/.m2/repository/com/fasterxml/jackson/core/jackson-core/2.11.3/jackson-core-2.11.3.jar:/Users/wangbing/.m2/repository/com/fasterxml/jackson/datatype/jackson-datatype-jdk8/2.11.3/jackson-datatype-jdk8-2.11.3.jar:/Users/wangbing/.m2/repository/com/fasterxml/jackson/datatype/jackson-datatype-jsr310/2.11.3/jackson-datatype-jsr310-2.11.3.jar:/Users/wangbing/.m2/repository/com/fasterxml/jackson/module/jackson-module-parameter-names/2.11.3/jackson-module-parameter-names-2.11.3.jar:/Users/wangbing/.m2/repository/org/springframework/boot/spring-boot-starter-tomcat/2.4.1/spring-boot-starter-tomcat-2.4.1.jar:/Users/wangbing/.m2/repository/org/apache/tomcat/embed/tomcat-embed-core/9.0.41/tomcat-embed-core-9.0.41.jar:/Users/wangbing/.m2/repository/org/glassfish/jakarta.el/3.0.3/jakarta.el-3.0.3.jar:/Users/wangbing/.m2/repository/org/apache/tomcat/embed/tomcat-embed-websocket/9.0.41/tomcat-embed-websocket-9.0.41.jar:/Users/wangbing/.m2/repository/org/springframework/spring-web/5.3.2/spring-web-5.3.2.jar:/Users/wangbing/.m2/repository/org/springframework/spring-beans/5.3.2/spring-beans-5.3.2.jar:/Users/wangbing/.m2/repository/org/springframework/spring-webmvc/5.3.2/spring-webmvc-5.3.2.jar:/Users/wangbing/.m2/repository/org/springframework/spring-aop/5.3.2/spring-aop-5.3.2.jar:/Users/wangbing/.m2/repository/org/springframework/spring-context/5.3.2/spring-context-5.3.2.jar:/Users/wangbing/.m2/repository/org/springframework/spring-expression/5.3.2/spring-expression-5.3.2.jar:/Users/wangbing/.m2/repository/com/alibaba/druid-spring-boot-starter/1.1.20/druid-spring-boot-starter-1.1.20.jar:/Users/wangbing/.m2/repository/com/alibaba/druid/1.1.20/druid-1.1.20.jar:/Users/wangbing/.m2/repository/org/slf4j/slf4j-api/1.7.30/slf4j-api-1.7.30.jar:/Users/wangbing/.m2/repository/org/springframework/boot/spring-boot-autoconfigure/2.4.1/spring-boot-autoconfigure-2.4.1.jar:/Users/wangbing/.m2/repository/org/projectlombok/lombok/1.18.16/lombok-1.18.16.jar:/Users/wangbing/.m2/repository/org/springframework/boot/spring-boot-starter-test/2.4.1/spring-boot-starter-test-2.4.1.jar:/Users/wangbing/.m2/repository/org/springframework/boot/spring-boot-test/2.4.1/spring-boot-test-2.4.1.jar:/Users/wangbing/.m2/repository/org/springframework/boot/spring-boot-test-autoconfigure/2.4.1/spring-boot-test-autoconfigure-2.4.1.jar:/Users/wangbing/.m2/repository/com/jayway/jsonpath/json-path/2.4.0/json-path-2.4.0.jar:/Users/wangbing/.m2/repository/net/minidev/json-smart/2.3/json-smart-2.3.jar:/Users/wangbing/.m2/repository/net/minidev/accessors-smart/1.2/accessors-smart-1.2.jar:/Users/wangbing/.m2/repository/org/ow2/asm/asm/5.0.4/asm-5.0.4.jar:/Users/wangbing/.m2/repository/jakarta/xml/bind/jakarta.xml.bind-api/2.3.3/jakarta.xml.bind-api-2.3.3.jar:/Users/wangbing/.m2/repository/jakarta/activation/jakarta.activation-api/1.2.2/jakarta.activation-api-1.2.2.jar:/Users/wangbing/.m2/repository/org/assertj/assertj-core/3.18.1/assertj-core-3.18.1.jar:/Users/wangbing/.m2/repository/org/hamcrest/hamcrest/2.2/hamcrest-2.2.jar:/Users/wangbing/.m2/repository/org/junit/jupiter/junit-jupiter/5.7.0/junit-jupiter-5.7.0.jar:/Users/wangbing/.m2/repository/org/junit/jupiter/junit-jupiter-api/5.7.0/junit-jupiter-api-5.7.0.jar:/Users/wangbing/.m2/repository/org/apiguardian/apiguardian-api/1.1.0/apiguardian-api-1.1.0.jar:/Users/wangbing/.m2/repository/org/opentest4j/opentest4j/1.2.0/opentest4j-1.2.0.jar:/Users/wangbing/.m2/repository/org/junit/platform/junit-platform-commons/1.7.0/junit-platform-commons-1.7.0.jar:/Users/wangbing/.m2/repository/org/junit/jupiter/junit-jupiter-params/5.7.0/junit-jupiter-params-5.7.0.jar:/Users/wangbing/.m2/repository/org/junit/jupiter/junit-jupiter-engine/5.7.0/junit-jupiter-engine-5.7.0.jar:/Users/wangbing/.m2/repository/org/junit/platform/junit-platform-engine/1.7.0/junit-platform-engine-1.7.0.jar:/Users/wangbing/.m2/repository/org/mockito/mockito-core/3.6.28/mockito-core-3.6.28.jar:/Users/wangbing/.m2/repository/net/bytebuddy/byte-buddy/1.10.18/byte-buddy-1.10.18.jar:/Users/wangbing/.m2/repository/net/bytebuddy/byte-buddy-agent/1.10.18/byte-buddy-agent-1.10.18.jar:/Users/wangbing/.m2/repository/org/objenesis/objenesis/3.1/objenesis-3.1.jar:/Users/wangbing/.m2/repository/org/mockito/mockito-junit-jupiter/3.6.28/mockito-junit-jupiter-3.6.28.jar:/Users/wangbing/.m2/repository/org/skyscreamer/jsonassert/1.5.0/jsonassert-1.5.0.jar:/Users/wangbing/.m2/repository/com/vaadin/external/google/android-json/0.0.20131108.vaadin1/android-json-0.0.20131108.vaadin1.jar:/Users/wangbing/.m2/repository/org/springframework/spring-core/5.3.2/spring-core-5.3.2.jar:/Users/wangbing/.m2/repository/org/springframework/spring-jcl/5.3.2/spring-jcl-5.3.2.jar:/Users/wangbing/.m2/repository/org/springframework/spring-test/5.3.2/spring-test-5.3.2.jar:/Users/wangbing/.m2/repository/org/xmlunit/xmlunit-core/2.7.0/xmlunit-core-2.7.0.jar:/Users/wangbing/.m2/repository/org/springframework/boot/spring-boot-starter-data-redis/2.4.1/spring-boot-starter-data-redis-2.4.1.jar:/Users/wangbing/.m2/repository/org/springframework/data/spring-data-redis/2.4.2/spring-data-redis-2.4.2.jar:/Users/wangbing/.m2/repository/org/springframework/data/spring-data-keyvalue/2.4.2/spring-data-keyvalue-2.4.2.jar:/Users/wangbing/.m2/repository/org/springframework/data/spring-data-commons/2.4.2/spring-data-commons-2.4.2.jar:/Users/wangbing/.m2/repository/org/springframework/spring-tx/5.3.2/spring-tx-5.3.2.jar:/Users/wangbing/.m2/repository/org/springframework/spring-oxm/5.3.2/spring-oxm-5.3.2.jar:/Users/wangbing/.m2/repository/org/springframework/spring-context-support/5.3.2/spring-context-support-5.3.2.jar:/Users/wangbing/.m2/repository/io/lettuce/lettuce-core/6.0.1.RELEASE/lettuce-core-6.0.1.RELEASE.jar:/Users/wangbing/.m2/repository/io/netty/netty-common/4.1.55.Final/netty-common-4.1.55.Final.jar:/Users/wangbing/.m2/repository/io/netty/netty-handler/4.1.55.Final/netty-handler-4.1.55.Final.jar:/Users/wangbing/.m2/repository/io/netty/netty-resolver/4.1.55.Final/netty-resolver-4.1.55.Final.jar:/Users/wangbing/.m2/repository/io/netty/netty-buffer/4.1.55.Final/netty-buffer-4.1.55.Final.jar:/Users/wangbing/.m2/repository/io/netty/netty-codec/4.1.55.Final/netty-codec-4.1.55.Final.jar:/Users/wangbing/.m2/repository/io/netty/netty-transport/4.1.55.Final/netty-transport-4.1.55.Final.jar:/Users/wangbing/.m2/repository/io/projectreactor/reactor-core/3.4.1/reactor-core-3.4.1.jar:/Users/wangbing/.m2/repository/org/reactivestreams/reactive-streams/1.0.3/reactive-streams-1.0.3.jar:/Users/wangbing/.m2/repository/com/baomidou/mybatis-plus-boot-starter/3.4.1/mybatis-plus-boot-starter-3.4.1.jar:/Users/wangbing/.m2/repository/com/baomidou/mybatis-plus/3.4.1/mybatis-plus-3.4.1.jar:/Users/wangbing/.m2/repository/com/baomidou/mybatis-plus-extension/3.4.1/mybatis-plus-extension-3.4.1.jar:/Users/wangbing/.m2/repository/com/baomidou/mybatis-plus-core/3.4.1/mybatis-plus-core-3.4.1.jar:/Users/wangbing/.m2/repository/com/baomidou/mybatis-plus-annotation/3.4.1/mybatis-plus-annotation-3.4.1.jar:/Users/wangbing/.m2/repository/com/github/jsqlparser/jsqlparser/3.2/jsqlparser-3.2.jar:/Users/wangbing/.m2/repository/org/mybatis/mybatis/3.5.6/mybatis-3.5.6.jar:/Users/wangbing/.m2/repository/org/mybatis/mybatis-spring/2.0.5/mybatis-spring-2.0.5.jar:/Users/wangbing/.m2/repository/org/springframework/boot/spring-boot-starter-jdbc/2.4.1/spring-boot-starter-jdbc-2.4.1.jar:/Users/wangbing/.m2/repository/com/zaxxer/HikariCP/3.4.5/HikariCP-3.4.5.jar:/Users/wangbing/.m2/repository/org/springframework/spring-jdbc/5.3.2/spring-jdbc-5.3.2.jar:/Users/wangbing/.m2/repository/mysql/mysql-connector-java/8.0.22/mysql-connector-java-8.0.22.jar:/Users/wangbing/.m2/repository/org/springframework/boot/spring-boot-starter-thymeleaf/2.4.1/spring-boot-starter-thymeleaf-2.4.1.jar:/Users/wangbing/.m2/repository/org/thymeleaf/thymeleaf-spring5/3.0.11.RELEASE/thymeleaf-spring5-3.0.11.RELEASE.jar:/Users/wangbing/.m2/repository/org/thymeleaf/thymeleaf/3.0.11.RELEASE/thymeleaf-3.0.11.RELEASE.jar:/Users/wangbing/.m2/repository/org/attoparser/attoparser/2.0.5.RELEASE/attoparser-2.0.5.RELEASE.jar:/Users/wangbing/.m2/repository/org/unbescape/unbescape/1.1.6.RELEASE/unbescape-1.1.6.RELEASE.jar:/Users/wangbing/.m2/repository/org/thymeleaf/extras/thymeleaf-extras-java8time/3.0.4.RELEASE/thymeleaf-extras-java8time-3.0.4.RELEASE.jar:/Users/wangbing/.m2/repository/org/apache/shardingsphere/sharding-jdbc-spring-boot-starter/4.0.0-RC1/sharding-jdbc-spring-boot-starter-4.0.0-RC1.jar:/Users/wangbing/.m2/repository/org/apache/shardingsphere/sharding-jdbc-core/4.0.0-RC1/sharding-jdbc-core-4.0.0-RC1.jar:/Users/wangbing/.m2/repository/org/apache/shardingsphere/sharding-core-entry/4.0.0-RC1/sharding-core-entry-4.0.0-RC1.jar:/Users/wangbing/.m2/repository/org/apache/shardingsphere/sharding-core-api/4.0.0-RC1/sharding-core-api-4.0.0-RC1.jar:/Users/wangbing/.m2/repository/org/apache/shardingsphere/sharding-core-common/4.0.0-RC1/sharding-core-common-4.0.0-RC1.jar:/Users/wangbing/.m2/repository/org/codehaus/groovy/groovy/2.4.5/groovy-2.4.5-indy.jar:/Users/wangbing/.m2/repository/commons-codec/commons-codec/1.15/commons-codec-1.15.jar:/Users/wangbing/.m2/repository/org/apache/shardingsphere/sharding-core-parse-common/4.0.0-RC1/sharding-core-parse-common-4.0.0-RC1.jar:/Users/wangbing/.m2/repository/org/apache/shardingsphere/sharding-core-parse-spi/4.0.0-RC1/sharding-core-parse-spi-4.0.0-RC1.jar:/Users/wangbing/.m2/repository/org/apache/commons/commons-collections4/4.2/commons-collections4-4.2.jar:/Users/wangbing/.m2/repository/org/antlr/antlr4-runtime/4.7.1/antlr4-runtime-4.7.1.jar:/Users/wangbing/.m2/repository/org/apache/shardingsphere/sharding-core-parse-mysql/4.0.0-RC1/sharding-core-parse-mysql-4.0.0-RC1.jar:/Users/wangbing/.m2/repository/org/apache/shardingsphere/sharding-core-parse-postgresql/4.0.0-RC1/sharding-core-parse-postgresql-4.0.0-RC1.jar:/Users/wangbing/.m2/repository/org/apache/shardingsphere/sharding-core-parse-oracle/4.0.0-RC1/sharding-core-parse-oracle-4.0.0-RC1.jar:/Users/wangbing/.m2/repository/org/apache/shardingsphere/sharding-core-parse-sqlserver/4.0.0-RC1/sharding-core-parse-sqlserver-4.0.0-RC1.jar:/Users/wangbing/.m2/repository/org/apache/shardingsphere/sharding-core-optimize/4.0.0-RC1/sharding-core-optimize-4.0.0-RC1.jar:/Users/wangbing/.m2/repository/org/apache/shardingsphere/sharding-core-route/4.0.0-RC1/sharding-core-route-4.0.0-RC1.jar:/Users/wangbing/.m2/repository/org/apache/shardingsphere/sharding-core-rewrite/4.0.0-RC1/sharding-core-rewrite-4.0.0-RC1.jar:/Users/wangbing/.m2/repository/org/apache/shardingsphere/sharding-core-execute/4.0.0-RC1/sharding-core-execute-4.0.0-RC1.jar:/Users/wangbing/.m2/repository/org/apache/shardingsphere/sharding-core-merge/4.0.0-RC1/sharding-core-merge-4.0.0-RC1.jar:/Users/wangbing/.m2/repository/org/apache/shardingsphere/sharding-transaction-core/4.0.0-RC1/sharding-transaction-core-4.0.0-RC1.jar:/Users/wangbing/.m2/repository/com/google/guava/guava/18.0/guava-18.0.jar:/Users/wangbing/.m2/repository/org/slf4j/jcl-over-slf4j/1.7.30/jcl-over-slf4j-1.7.30.jar:/Users/wangbing/.m2/repository/org/apache/shardingsphere/sharding-jdbc-spring-namespace/4.0.0-RC1/sharding-jdbc-spring-namespace-4.0.0-RC1.jar:/Users/wangbing/.m2/repository/org/springframework/boot/spring-boot-starter-actuator/2.4.1/spring-boot-starter-actuator-2.4.1.jar:/Users/wangbing/.m2/repository/org/springframework/boot/spring-boot-actuator-autoconfigure/2.4.1/spring-boot-actuator-autoconfigure-2.4.1.jar:/Users/wangbing/.m2/repository/org/springframework/boot/spring-boot-actuator/2.4.1/spring-boot-actuator-2.4.1.jar:/Users/wangbing/.m2/repository/io/micrometer/micrometer-core/1.6.2/micrometer-core-1.6.2.jar:/Users/wangbing/.m2/repository/org/hdrhistogram/HdrHistogram/2.1.12/HdrHistogram-2.1.12.jar:/Users/wangbing/.m2/repository/org/latencyutils/LatencyUtils/2.0.3/LatencyUtils-2.0.3.jar:"/>
    <property name="https.proxyPort" value="9191"/>
    <property name="java.vm.vendor" value="Oracle Corporation"/>
    <property name="sun.arch.data.model" value="64"/>
    <property name="java.vendor.url" value="http://java.oracle.com/"/>
    <property name="user.timezone" value=""/>
    <property name="java.vm.specification.version" value="1.8"/>
    <property name="os.name" value="Mac OS X"/>
    <property name="user.country" value="CN"/>
    <property name="sun.java.launcher" value="SUN_STANDARD"/>
    <property name="sun.boot.library.path" value="/Library/Java/JavaVirtualMachines/jdk1.8.0_181.jdk/Contents/Home/jre/lib"/>
    <property name="sun.java.command" value="/Users/wangbing/Documents/train/train/target/surefire/surefirebooter5345037627059351418.jar /Users/wangbing/Documents/train/train/target/surefire 2021-01-13T14-39-01_121-jvmRun1 surefire2902542303073890033tmp surefire_02079525777742959761tmp"/>
    <property name="surefire.test.class.path" value="/Users/wangbing/Documents/train/train/target/test-classes:/Users/wangbing/Documents/train/train/target/classes:/Users/wangbing/.m2/repository/org/springframework/boot/spring-boot-starter-web/2.4.1/spring-boot-starter-web-2.4.1.jar:/Users/wangbing/.m2/repository/org/springframework/boot/spring-boot-starter/2.4.1/spring-boot-starter-2.4.1.jar:/Users/wangbing/.m2/repository/org/springframework/boot/spring-boot/2.4.1/spring-boot-2.4.1.jar:/Users/wangbing/.m2/repository/org/springframework/boot/spring-boot-starter-logging/2.4.1/spring-boot-starter-logging-2.4.1.jar:/Users/wangbing/.m2/repository/ch/qos/logback/logback-classic/1.2.3/logback-classic-1.2.3.jar:/Users/wangbing/.m2/repository/ch/qos/logback/logback-core/1.2.3/logback-core-1.2.3.jar:/Users/wangbing/.m2/repository/org/apache/logging/log4j/log4j-to-slf4j/2.13.3/log4j-to-slf4j-2.13.3.jar:/Users/wangbing/.m2/repository/org/apache/logging/log4j/log4j-api/2.13.3/log4j-api-2.13.3.jar:/Users/wangbing/.m2/repository/org/slf4j/jul-to-slf4j/1.7.30/jul-to-slf4j-1.7.30.jar:/Users/wangbing/.m2/repository/jakarta/annotation/jakarta.annotation-api/1.3.5/jakarta.annotation-api-1.3.5.jar:/Users/wangbing/.m2/repository/org/yaml/snakeyaml/1.27/snakeyaml-1.27.jar:/Users/wangbing/.m2/repository/org/springframework/boot/spring-boot-starter-json/2.4.1/spring-boot-starter-json-2.4.1.jar:/Users/wangbing/.m2/repository/com/fasterxml/jackson/core/jackson-databind/2.11.3/jackson-databind-2.11.3.jar:/Users/wangbing/.m2/repository/com/fasterxml/jackson/core/jackson-annotations/2.11.3/jackson-annotations-2.11.3.jar:/Users/wangbing/.m2/repository/com/fasterxml/jackson/core/jackson-core/2.11.3/jackson-core-2.11.3.jar:/Users/wangbing/.m2/repository/com/fasterxml/jackson/datatype/jackson-datatype-jdk8/2.11.3/jackson-datatype-jdk8-2.11.3.jar:/Users/wangbing/.m2/repository/com/fasterxml/jackson/datatype/jackson-datatype-jsr310/2.11.3/jackson-datatype-jsr310-2.11.3.jar:/Users/wangbing/.m2/repository/com/fasterxml/jackson/module/jackson-module-parameter-names/2.11.3/jackson-module-parameter-names-2.11.3.jar:/Users/wangbing/.m2/repository/org/springframework/boot/spring-boot-starter-tomcat/2.4.1/spring-boot-starter-tomcat-2.4.1.jar:/Users/wangbing/.m2/repository/org/apache/tomcat/embed/tomcat-embed-core/9.0.41/tomcat-embed-core-9.0.41.jar:/Users/wangbing/.m2/repository/org/glassfish/jakarta.el/3.0.3/jakarta.el-3.0.3.jar:/Users/wangbing/.m2/repository/org/apache/tomcat/embed/tomcat-embed-websocket/9.0.41/tomcat-embed-websocket-9.0.41.jar:/Users/wangbing/.m2/repository/org/springframework/spring-web/5.3.2/spring-web-5.3.2.jar:/Users/wangbing/.m2/repository/org/springframework/spring-beans/5.3.2/spring-beans-5.3.2.jar:/Users/wangbing/.m2/repository/org/springframework/spring-webmvc/5.3.2/spring-webmvc-5.3.2.jar:/Users/wangbing/.m2/repository/org/springframework/spring-aop/5.3.2/spring-aop-5.3.2.jar:/Users/wangbing/.m2/repository/org/springframework/spring-context/5.3.2/spring-context-5.3.2.jar:/Users/wangbing/.m2/repository/org/springframework/spring-expression/5.3.2/spring-expression-5.3.2.jar:/Users/wangbing/.m2/repository/com/alibaba/druid-spring-boot-starter/1.1.20/druid-spring-boot-starter-1.1.20.jar:/Users/wangbing/.m2/repository/com/alibaba/druid/1.1.20/druid-1.1.20.jar:/Users/wangbing/.m2/repository/org/slf4j/slf4j-api/1.7.30/slf4j-api-1.7.30.jar:/Users/wangbing/.m2/repository/org/springframework/boot/spring-boot-autoconfigure/2.4.1/spring-boot-autoconfigure-2.4.1.jar:/Users/wangbing/.m2/repository/org/projectlombok/lombok/1.18.16/lombok-1.18.16.jar:/Users/wangbing/.m2/repository/org/springframework/boot/spring-boot-starter-test/2.4.1/spring-boot-starter-test-2.4.1.jar:/Users/wangbing/.m2/repository/org/springframework/boot/spring-boot-test/2.4.1/spring-boot-test-2.4.1.jar:/Users/wangbing/.m2/repository/org/springframework/boot/spring-boot-test-autoconfigure/2.4.1/spring-boot-test-autoconfigure-2.4.1.jar:/Users/wangbing/.m2/repository/com/jayway/jsonpath/json-path/2.4.0/json-path-2.4.0.jar:/Users/wangbing/.m2/repository/net/minidev/json-smart/2.3/json-smart-2.3.jar:/Users/wangbing/.m2/repository/net/minidev/accessors-smart/1.2/accessors-smart-1.2.jar:/Users/wangbing/.m2/repository/org/ow2/asm/asm/5.0.4/asm-5.0.4.jar:/Users/wangbing/.m2/repository/jakarta/xml/bind/jakarta.xml.bind-api/2.3.3/jakarta.xml.bind-api-2.3.3.jar:/Users/wangbing/.m2/repository/jakarta/activation/jakarta.activation-api/1.2.2/jakarta.activation-api-1.2.2.jar:/Users/wangbing/.m2/repository/org/assertj/assertj-core/3.18.1/assertj-core-3.18.1.jar:/Users/wangbing/.m2/repository/org/hamcrest/hamcrest/2.2/hamcrest-2.2.jar:/Users/wangbing/.m2/repository/org/junit/jupiter/junit-jupiter/5.7.0/junit-jupiter-5.7.0.jar:/Users/wangbing/.m2/repository/org/junit/jupiter/junit-jupiter-api/5.7.0/junit-jupiter-api-5.7.0.jar:/Users/wangbing/.m2/repository/org/apiguardian/apiguardian-api/1.1.0/apiguardian-api-1.1.0.jar:/Users/wangbing/.m2/repository/org/opentest4j/opentest4j/1.2.0/opentest4j-1.2.0.jar:/Users/wangbing/.m2/repository/org/junit/platform/junit-platform-commons/1.7.0/junit-platform-commons-1.7.0.jar:/Users/wangbing/.m2/repository/org/junit/jupiter/junit-jupiter-params/5.7.0/junit-jupiter-params-5.7.0.jar:/Users/wangbing/.m2/repository/org/junit/jupiter/junit-jupiter-engine/5.7.0/junit-jupiter-engine-5.7.0.jar:/Users/wangbing/.m2/repository/org/junit/platform/junit-platform-engine/1.7.0/junit-platform-engine-1.7.0.jar:/Users/wangbing/.m2/repository/org/mockito/mockito-core/3.6.28/mockito-core-3.6.28.jar:/Users/wangbing/.m2/repository/net/bytebuddy/byte-buddy/1.10.18/byte-buddy-1.10.18.jar:/Users/wangbing/.m2/repository/net/bytebuddy/byte-buddy-agent/1.10.18/byte-buddy-agent-1.10.18.jar:/Users/wangbing/.m2/repository/org/objenesis/objenesis/3.1/objenesis-3.1.jar:/Users/wangbing/.m2/repository/org/mockito/mockito-junit-jupiter/3.6.28/mockito-junit-jupiter-3.6.28.jar:/Users/wangbing/.m2/repository/org/skyscreamer/jsonassert/1.5.0/jsonassert-1.5.0.jar:/Users/wangbing/.m2/repository/com/vaadin/external/google/android-json/0.0.20131108.vaadin1/android-json-0.0.20131108.vaadin1.jar:/Users/wangbing/.m2/repository/org/springframework/spring-core/5.3.2/spring-core-5.3.2.jar:/Users/wangbing/.m2/repository/org/springframework/spring-jcl/5.3.2/spring-jcl-5.3.2.jar:/Users/wangbing/.m2/repository/org/springframework/spring-test/5.3.2/spring-test-5.3.2.jar:/Users/wangbing/.m2/repository/org/xmlunit/xmlunit-core/2.7.0/xmlunit-core-2.7.0.jar:/Users/wangbing/.m2/repository/org/springframework/boot/spring-boot-starter-data-redis/2.4.1/spring-boot-starter-data-redis-2.4.1.jar:/Users/wangbing/.m2/repository/org/springframework/data/spring-data-redis/2.4.2/spring-data-redis-2.4.2.jar:/Users/wangbing/.m2/repository/org/springframework/data/spring-data-keyvalue/2.4.2/spring-data-keyvalue-2.4.2.jar:/Users/wangbing/.m2/repository/org/springframework/data/spring-data-commons/2.4.2/spring-data-commons-2.4.2.jar:/Users/wangbing/.m2/repository/org/springframework/spring-tx/5.3.2/spring-tx-5.3.2.jar:/Users/wangbing/.m2/repository/org/springframework/spring-oxm/5.3.2/spring-oxm-5.3.2.jar:/Users/wangbing/.m2/repository/org/springframework/spring-context-support/5.3.2/spring-context-support-5.3.2.jar:/Users/wangbing/.m2/repository/io/lettuce/lettuce-core/6.0.1.RELEASE/lettuce-core-6.0.1.RELEASE.jar:/Users/wangbing/.m2/repository/io/netty/netty-common/4.1.55.Final/netty-common-4.1.55.Final.jar:/Users/wangbing/.m2/repository/io/netty/netty-handler/4.1.55.Final/netty-handler-4.1.55.Final.jar:/Users/wangbing/.m2/repository/io/netty/netty-resolver/4.1.55.Final/netty-resolver-4.1.55.Final.jar:/Users/wangbing/.m2/repository/io/netty/netty-buffer/4.1.55.Final/netty-buffer-4.1.55.Final.jar:/Users/wangbing/.m2/repository/io/netty/netty-codec/4.1.55.Final/netty-codec-4.1.55.Final.jar:/Users/wangbing/.m2/repository/io/netty/netty-transport/4.1.55.Final/netty-transport-4.1.55.Final.jar:/Users/wangbing/.m2/repository/io/projectreactor/reactor-core/3.4.1/reactor-core-3.4.1.jar:/Users/wangbing/.m2/repository/org/reactivestreams/reactive-streams/1.0.3/reactive-streams-1.0.3.jar:/Users/wangbing/.m2/repository/com/baomidou/mybatis-plus-boot-starter/3.4.1/mybatis-plus-boot-starter-3.4.1.jar:/Users/wangbing/.m2/repository/com/baomidou/mybatis-plus/3.4.1/mybatis-plus-3.4.1.jar:/Users/wangbing/.m2/repository/com/baomidou/mybatis-plus-extension/3.4.1/mybatis-plus-extension-3.4.1.jar:/Users/wangbing/.m2/repository/com/baomidou/mybatis-plus-core/3.4.1/mybatis-plus-core-3.4.1.jar:/Users/wangbing/.m2/repository/com/baomidou/mybatis-plus-annotation/3.4.1/mybatis-plus-annotation-3.4.1.jar:/Users/wangbing/.m2/repository/com/github/jsqlparser/jsqlparser/3.2/jsqlparser-3.2.jar:/Users/wangbing/.m2/repository/org/mybatis/mybatis/3.5.6/mybatis-3.5.6.jar:/Users/wangbing/.m2/repository/org/mybatis/mybatis-spring/2.0.5/mybatis-spring-2.0.5.jar:/Users/wangbing/.m2/repository/org/springframework/boot/spring-boot-starter-jdbc/2.4.1/spring-boot-starter-jdbc-2.4.1.jar:/Users/wangbing/.m2/repository/com/zaxxer/HikariCP/3.4.5/HikariCP-3.4.5.jar:/Users/wangbing/.m2/repository/org/springframework/spring-jdbc/5.3.2/spring-jdbc-5.3.2.jar:/Users/wangbing/.m2/repository/mysql/mysql-connector-java/8.0.22/mysql-connector-java-8.0.22.jar:/Users/wangbing/.m2/repository/org/springframework/boot/spring-boot-starter-thymeleaf/2.4.1/spring-boot-starter-thymeleaf-2.4.1.jar:/Users/wangbing/.m2/repository/org/thymeleaf/thymeleaf-spring5/3.0.11.RELEASE/thymeleaf-spring5-3.0.11.RELEASE.jar:/Users/wangbing/.m2/repository/org/thymeleaf/thymeleaf/3.0.11.RELEASE/thymeleaf-3.0.11.RELEASE.jar:/Users/wangbing/.m2/repository/org/attoparser/attoparser/2.0.5.RELEASE/attoparser-2.0.5.RELEASE.jar:/Users/wangbing/.m2/repository/org/unbescape/unbescape/1.1.6.RELEASE/unbescape-1.1.6.RELEASE.jar:/Users/wangbing/.m2/repository/org/thymeleaf/extras/thymeleaf-extras-java8time/3.0.4.RELEASE/thymeleaf-extras-java8time-3.0.4.RELEASE.jar:/Users/wangbing/.m2/repository/org/apache/shardingsphere/sharding-jdbc-spring-boot-starter/4.0.0-RC1/sharding-jdbc-spring-boot-starter-4.0.0-RC1.jar:/Users/wangbing/.m2/repository/org/apache/shardingsphere/sharding-jdbc-core/4.0.0-RC1/sharding-jdbc-core-4.0.0-RC1.jar:/Users/wangbing/.m2/repository/org/apache/shardingsphere/sharding-core-entry/4.0.0-RC1/sharding-core-entry-4.0.0-RC1.jar:/Users/wangbing/.m2/repository/org/apache/shardingsphere/sharding-core-api/4.0.0-RC1/sharding-core-api-4.0.0-RC1.jar:/Users/wangbing/.m2/repository/org/apache/shardingsphere/sharding-core-common/4.0.0-RC1/sharding-core-common-4.0.0-RC1.jar:/Users/wangbing/.m2/repository/org/codehaus/groovy/groovy/2.4.5/groovy-2.4.5-indy.jar:/Users/wangbing/.m2/repository/commons-codec/commons-codec/1.15/commons-codec-1.15.jar:/Users/wangbing/.m2/repository/org/apache/shardingsphere/sharding-core-parse-common/4.0.0-RC1/sharding-core-parse-common-4.0.0-RC1.jar:/Users/wangbing/.m2/repository/org/apache/shardingsphere/sharding-core-parse-spi/4.0.0-RC1/sharding-core-parse-spi-4.0.0-RC1.jar:/Users/wangbing/.m2/repository/org/apache/commons/commons-collections4/4.2/commons-collections4-4.2.jar:/Users/wangbing/.m2/repository/org/antlr/antlr4-runtime/4.7.1/antlr4-runtime-4.7.1.jar:/Users/wangbing/.m2/repository/org/apache/shardingsphere/sharding-core-parse-mysql/4.0.0-RC1/sharding-core-parse-mysql-4.0.0-RC1.jar:/Users/wangbing/.m2/repository/org/apache/shardingsphere/sharding-core-parse-postgresql/4.0.0-RC1/sharding-core-parse-postgresql-4.0.0-RC1.jar:/Users/wangbing/.m2/repository/org/apache/shardingsphere/sharding-core-parse-oracle/4.0.0-RC1/sharding-core-parse-oracle-4.0.0-RC1.jar:/Users/wangbing/.m2/repository/org/apache/shardingsphere/sharding-core-parse-sqlserver/4.0.0-RC1/sharding-core-parse-sqlserver-4.0.0-RC1.jar:/Users/wangbing/.m2/repository/org/apache/shardingsphere/sharding-core-optimize/4.0.0-RC1/sharding-core-optimize-4.0.0-RC1.jar:/Users/wangbing/.m2/repository/org/apache/shardingsphere/sharding-core-route/4.0.0-RC1/sharding-core-route-4.0.0-RC1.jar:/Users/wangbing/.m2/repository/org/apache/shardingsphere/sharding-core-rewrite/4.0.0-RC1/sharding-core-rewrite-4.0.0-RC1.jar:/Users/wangbing/.m2/repository/org/apache/shardingsphere/sharding-core-execute/4.0.0-RC1/sharding-core-execute-4.0.0-RC1.jar:/Users/wangbing/.m2/repository/org/apache/shardingsphere/sharding-core-merge/4.0.0-RC1/sharding-core-merge-4.0.0-RC1.jar:/Users/wangbing/.m2/repository/org/apache/shardingsphere/sharding-transaction-core/4.0.0-RC1/sharding-transaction-core-4.0.0-RC1.jar:/Users/wangbing/.m2/repository/com/google/guava/guava/18.0/guava-18.0.jar:/Users/wangbing/.m2/repository/org/slf4j/jcl-over-slf4j/1.7.30/jcl-over-slf4j-1.7.30.jar:/Users/wangbing/.m2/repository/org/apache/shardingsphere/sharding-jdbc-spring-namespace/4.0.0-RC1/sharding-jdbc-spring-namespace-4.0.0-RC1.jar:/Users/wangbing/.m2/repository/org/springframework/boot/spring-boot-starter-actuator/2.4.1/spring-boot-starter-actuator-2.4.1.jar:/Users/wangbing/.m2/repository/org/springframework/boot/spring-boot-actuator-autoconfigure/2.4.1/spring-boot-actuator-autoconfigure-2.4.1.jar:/Users/wangbing/.m2/repository/org/springframework/boot/spring-boot-actuator/2.4.1/spring-boot-actuator-2.4.1.jar:/Users/wangbing/.m2/repository/io/micrometer/micrometer-core/1.6.2/micrometer-core-1.6.2.jar:/Users/wangbing/.m2/repository/org/hdrhistogram/HdrHistogram/2.1.12/HdrHistogram-2.1.12.jar:/Users/wangbing/.m2/repository/org/latencyutils/LatencyUtils/2.0.3/LatencyUtils-2.0.3.jar:"/>
    <property name="sun.cpu.endian" value="little"/>
    <property name="user.home" value="/Users/wangbing"/>
    <property name="user.language" value="zh"/>
    <property name="java.specification.vendor" value="Oracle Corporation"/>
    <property name="java.home" value="/Library/Java/JavaVirtualMachines/jdk1.8.0_181.jdk/Contents/Home/jre"/>
    <property name="basedir" value="/Users/wangbing/Documents/train/train"/>
    <property name="https.proxyHost" value="127.0.0.1"/>
    <property name="file.separator" value="/"/>
    <property name="line.separator" value="&#10;"/>
    <property name="java.vm.specification.vendor" value="Oracle Corporation"/>
    <property name="java.specification.name" value="Java Platform API Specification"/>
    <property name="java.awt.graphicsenv" value="sun.awt.CGraphicsEnvironment"/>
    <property name="surefire.real.class.path" value="/Users/wangbing/Documents/train/train/target/surefire/surefirebooter5345037627059351418.jar:/Users/wangbing/.m2/repository/org/jacoco/org.jacoco.agent/0.8.6/org.jacoco.agent-0.8.6-runtime.jar"/>
    <property name="sun.boot.class.path" value="/Library/Java/JavaVirtualMachines/jdk1.8.0_181.jdk/Contents/Home/jre/lib/resources.jar:/Library/Java/JavaVirtualMachines/jdk1.8.0_181.jdk/Contents/Home/jre/lib/rt.jar:/Library/Java/JavaVirtualMachines/jdk1.8.0_181.jdk/Contents/Home/jre/lib/sunrsasign.jar:/Library/Java/JavaVirtualMachines/jdk1.8.0_181.jdk/Contents/Home/jre/lib/jsse.jar:/Library/Java/JavaVirtualMachines/jdk1.8.0_181.jdk/Contents/Home/jre/lib/jce.jar:/Library/Java/JavaVirtualMachines/jdk1.8.0_181.jdk/Contents/Home/jre/lib/charsets.jar:/Library/Java/JavaVirtualMachines/jdk1.8.0_181.jdk/Contents/Home/jre/lib/jfr.jar:/Library/Java/JavaVirtualMachines/jdk1.8.0_181.jdk/Contents/Home/jre/classes"/>
    <property name="sun.management.compiler" value="HotSpot 64-Bit Tiered Compilers"/>
    <property name="java.runtime.version" value="1.8.0_181-b13"/>
    <property name="user.name" value="wangbing"/>
    <property name="path.separator" value=":"/>
    <property name="os.version" value="10.16"/>
    <property name="java.endorsed.dirs" value="/Library/Java/JavaVirtualMachines/jdk1.8.0_181.jdk/Contents/Home/jre/lib/endorsed"/>
    <property name="java.runtime.name" value="Java(TM) SE Runtime Environment"/>
    <property name="file.encoding" value="UTF-8"/>
    <property name="java.vm.name" value="Java HotSpot(TM) 64-Bit Server VM"/>
    <property name="idea.version2020.1" value="true"/>
    <property name="localRepository" value="/Users/wangbing/.m2/repository"/>
    <property name="java.vendor.url.bug" value="http://bugreport.sun.com/bugreport/"/>
    <property name="java.io.tmpdir" value="/var/folders/d4/mvlh2x5x2vv4ysjmystj7r8h0000gn/T/"/>
    <property name="java.version" value="1.8.0_181"/>
    <property name="user.dir" value="/Users/wangbing/Documents/train/train"/>
    <property name="os.arch" value="x86_64"/>
    <property name="java.vm.specification.name" value="Java Virtual Machine Specification"/>
    <property name="java.awt.printerjob" value="sun.lwawt.macosx.CPrinterJob"/>
    <property name="sun.os.patch.level" value="unknown"/>
    <property name="java.library.path" value="/Users/wangbing/Library/Java/Extensions:/Library/Java/Extensions:/Network/Library/Java/Extensions:/System/Library/Java/Extensions:/usr/lib/java:."/>
    <property name="java.vm.info" value="mixed mode"/>
    <property name="java.vendor" value="Oracle Corporation"/>
    <property name="java.vm.version" value="25.181-b13"/>
    <property name="java.ext.dirs" value="/Users/wangbing/Library/Java/Extensions:/Library/Java/JavaVirtualMachines/jdk1.8.0_181.jdk/Contents/Home/jre/lib/ext:/Library/Java/Extensions:/Network/Library/Java/Extensions:/System/Library/Java/Extensions:/usr/lib/java"/>
    <property name="sun.io.unicode.encoding" value="UnicodeBig"/>
    <property name="java.class.version" value="52.0"/>
    <property name="http.proxyPort" value="9191"/>
  </properties>
  <testcase name="toErrorPage1" classname="com.wb.shorturl.controller.ShortUrlControllerTests" time="0.022"/>
  <testcase name="toErrorPage2" classname="com.wb.shorturl.controller.ShortUrlControllerTests" time="0.015"/>
  <testcase name="toErrorPage{int}[1]" classname="com.wb.shorturl.controller.ShortUrlControllerTests" time="0.009"/>
  <testcase name="toErrorPage{int}[2]" classname="com.wb.shorturl.controller.ShortUrlControllerTests" time="0.017"/>
  <testcase name="toErrorPage{int}[3]" classname="com.wb.shorturl.controller.ShortUrlControllerTests" time="0.01"/>
  <testcase name="getOriginUrlByShortCodeSuccess{String}[1]" classname="com.wb.shorturl.controller.ShortUrlControllerTests" time="0.173"/>
  <testcase name="shortCodeRedirectFailure{String}[1]" classname="com.wb.shorturl.controller.ShortUrlControllerTests" time="0.104"/>
  <testcase name="shortCodeRedirectFailure{String}[2]" classname="com.wb.shorturl.controller.ShortUrlControllerTests" time="0.119"/>
</testsuite>